{"C:\\Users\\Xavia\\OneDrive\\Documents\\All Coding Stuff\\Popcornscore\\client\\src\\App.jsx": {"path":"C:\\Users\\Xavia\\OneDrive\\Documents\\All Coding Stuff\\Popcornscore\\client\\src\\App.jsx","statementMap":{"0":{"start":{"line":1,"column":12},"end":{"line":3,"column":1}},"1":{"start":{"line":2,"column":2},"end":{"line":2,"column":72}}},"fnMap":{"0":{"name":"(anonymous_0)","decl":{"start":{"line":1,"column":12},"end":{"line":1,"column":13}},"loc":{"start":{"line":1,"column":18},"end":{"line":3,"column":1}},"line":1}},"branchMap":{},"s":{"0":1,"1":1},"f":{"0":1},"b":{},"_coverageSchema":"1a1c01bbd47fc00a2c39e90264f33305004495a9","hash":"c0da98b115af5632ea0b21c61cd6480b0ec64206"}
}
